2024-12-22 18:51:15,368 INFO o.h.v.i.u.Version [background-preinit] HV000001: Hibernate Validator 8.0.1.Final
2024-12-22 18:51:15,436 INFO o.s.b.StartupInfoLogger [main] Starting JpaLibraryProject1Application using Java 21.0.4 with PID 13724 (D:\Spring_projects\Library_management_backend\jpa-library-project\target\classes started by youss in D:\Spring_projects\Library_management_backend\jpa-library-project)
2024-12-22 18:51:15,438 INFO o.s.b.SpringApplication [main] No active profile set, falling back to 1 default profile: "default"
2024-12-22 18:51:17,734 INFO o.s.d.r.c.RepositoryConfigurationDelegate [main] Bootstrapping Spring Data JPA repositories in DEFAULT mode.
2024-12-22 18:51:17,756 DEBUG o.s.d.r.c.RepositoryConfigurationDelegate [main] Scanning for JPA repositories in packages com.example.book.
2024-12-22 18:51:17,775 DEBUG o.s.c.a.ClassPathScanningCandidateComponentProvider [main] Identified candidate component class: file [D:\Spring_projects\Library_management_backend\jpa-library-project\target\classes\com\example\book\repository\AutherRepo.class]
2024-12-22 18:51:17,776 DEBUG o.s.c.a.ClassPathScanningCandidateComponentProvider [main] Identified candidate component class: file [D:\Spring_projects\Library_management_backend\jpa-library-project\target\classes\com\example\book\repository\BookRepo.class]
2024-12-22 18:51:17,835 INFO o.s.d.r.c.RepositoryConfigurationDelegate [main] Finished Spring Data repository scanning in 76 ms. Found 2 JPA repository interfaces.
2024-12-22 18:51:19,709 INFO o.s.b.w.e.t.TomcatWebServer [main] Tomcat initialized with port 8080 (http)
2024-12-22 18:51:19,740 INFO o.a.j.l.DirectJDKLog [main] Initializing ProtocolHandler ["http-nio-8080"]
2024-12-22 18:51:19,746 INFO o.a.j.l.DirectJDKLog [main] Starting service [Tomcat]
2024-12-22 18:51:19,747 INFO o.a.j.l.DirectJDKLog [main] Starting Servlet engine: [Apache Tomcat/10.1.33]
2024-12-22 18:51:19,896 INFO o.a.j.l.DirectJDKLog [main] Initializing Spring embedded WebApplicationContext
2024-12-22 18:51:19,897 INFO o.s.b.w.s.c.ServletWebServerApplicationContext [main] Root WebApplicationContext: initialization completed in 4321 ms
2024-12-22 18:51:20,702 INFO c.z.h.HikariDataSource [main] HikariPool-1 - Starting...
2024-12-22 18:51:21,292 INFO c.z.h.p.HikariPool [main] HikariPool-1 - Added connection com.mysql.cj.jdbc.ConnectionImpl@48b9773b
2024-12-22 18:51:21,296 INFO c.z.h.HikariDataSource [main] HikariPool-1 - Start completed.
2024-12-22 18:51:21,461 INFO o.f.c.i.l.s.Slf4jLog [main] Database: jdbc:mysql://localhost:3306/book?createDatabaseIfNotExist=true (MySQL 8.0)
2024-12-22 18:51:21,644 INFO o.f.c.i.l.s.Slf4jLog [main] Successfully validated 2 migrations (execution time 00:00.109s)
2024-12-22 18:51:21,682 INFO o.f.c.i.l.s.Slf4jLog [main] Current version of schema `book`: 2
2024-12-22 18:51:21,683 WARN o.f.c.i.l.s.Slf4jLog [main] Schema `book` has a version (2) that is newer than the latest available migration (1) !
2024-12-22 18:51:21,690 INFO o.f.c.i.l.s.Slf4jLog [main] Schema `book` is up to date. No migration necessary.
2024-12-22 18:51:21,974 INFO o.h.j.i.u.LogHelper [main] HHH000204: Processing PersistenceUnitInfo [name: default]
2024-12-22 18:51:22,143 INFO o.h.Version [main] HHH000412: Hibernate ORM core version 6.6.2.Final
2024-12-22 18:51:22,222 INFO o.h.c.i.RegionFactoryInitiator [main] HHH000026: Second-level cache disabled
2024-12-22 18:51:22,661 INFO o.s.o.j.p.SpringPersistenceUnitInfo [main] No LoadTimeWeaver setup: ignoring JPA class transformer
2024-12-22 18:51:22,769 WARN o.h.e.j.d.i.DialectFactoryImpl [main] HHH90000025: MySQL8Dialect does not need to be specified explicitly using 'hibernate.dialect' (remove the property setting and it will be selected by default)
2024-12-22 18:51:22,771 WARN o.h.e.j.d.i.DialectFactoryImpl [main] HHH90000026: MySQL8Dialect has been deprecated; use org.hibernate.dialect.MySQLDialect instead
2024-12-22 18:51:22,802 INFO o.h.e.j.e.i.JdbcEnvironmentInitiator [main] HHH10001005: Database info:
	Database JDBC URL [Connecting through datasource 'HikariDataSource (HikariPool-1)']
	Database driver: undefined/unknown
	Database version: 8.0
	Autocommit mode: undefined/unknown
	Isolation level: undefined/unknown
	Minimum pool size: undefined/unknown
	Maximum pool size: undefined/unknown
2024-12-22 18:51:24,115 INFO o.h.e.t.j.p.i.JtaPlatformInitiator [main] HHH000489: No JTA platform available (set 'hibernate.transaction.jta.platform' to enable JTA platform integration)
2024-12-22 18:51:24,208 INFO o.s.o.j.AbstractEntityManagerFactoryBean [main] Initialized JPA EntityManagerFactory for persistence unit 'default'
2024-12-22 18:51:24,470 DEBUG o.s.d.j.r.c.JpaMetamodelMappingContextFactoryBean [main] Initializing JpaMetamodelMappingContext…
2024-12-22 18:51:24,497 DEBUG o.s.d.j.r.c.JpaMetamodelMappingContextFactoryBean [main] Finished initializing JpaMetamodelMappingContext
2024-12-22 18:51:24,707 DEBUG o.s.d.r.c.s.RepositoryFactorySupport [main] Initializing repository instance for com.example.book.repository.AutherRepo…
2024-12-22 18:51:24,786 DEBUG o.s.d.j.r.q.NamedQuery [main] Looking up named query Auther.findByEmail
2024-12-22 18:51:24,790 DEBUG o.s.d.j.r.q.NamedQuery [main] Did not find named query Auther.findByEmail
2024-12-22 18:51:24,895 DEBUG o.s.d.r.c.s.RepositoryFactorySupport [main] Finished creation of repository instance for com.example.book.repository.AutherRepo.
2024-12-22 18:51:24,986 DEBUG o.s.d.r.c.s.RepositoryFactorySupport [main] Initializing repository instance for com.example.book.repository.BookRepo…
2024-12-22 18:51:24,998 DEBUG o.s.d.j.r.q.NamedQuery [main] Did not find named query Book.deleteByAutherId.count
2024-12-22 18:51:25,020 INFO o.s.d.j.r.q.QueryEnhancerFactory [main] Hibernate is in classpath; If applicable, HQL parser will be used.
2024-12-22 18:51:25,550 DEBUG o.s.d.r.c.s.RepositoryFactorySupport [main] Finished creation of repository instance for com.example.book.repository.BookRepo.
2024-12-22 18:51:26,129 WARN o.s.b.a.o.j.JpaBaseConfiguration$JpaWebConfiguration [main] spring.jpa.open-in-view is enabled by default. Therefore, database queries may be performed during view rendering. Explicitly configure spring.jpa.open-in-view to disable this warning
2024-12-22 18:51:27,859 INFO o.s.b.a.e.w.EndpointLinksResolver [main] Exposing 16 endpoints beneath base path '/actuator'
2024-12-22 18:51:28,028 INFO o.a.j.l.DirectJDKLog [main] Starting ProtocolHandler ["http-nio-8080"]
2024-12-22 18:51:28,053 INFO o.s.b.w.e.t.TomcatWebServer [main] Tomcat started on port 8080 (http) with context path '/'
2024-12-22 18:51:28,076 INFO o.s.b.StartupInfoLogger [main] Started JpaLibraryProject1Application in 13.116 seconds (process running for 14.641)
2024-12-22 18:51:28,107 INFO c.e.b.a.LoggingAspect [main] ====> Method Name is >> AutherService.findAll()
2024-12-22 18:51:28,115 INFO c.e.b.a.LoggingAspect [main] ====> Method Name is >> AutherRepo.findAll()
2024-12-22 18:51:28,229 DEBUG o.h.e.j.s.SqlStatementLogger [main] 
    select
        a1_0.id,
        (select
            count(*) 
        from
            books book 
        where
            book.auther_id = a1_0.id),
        b1_0.auther_id,
        b1_0.id,
        (select
            count(*) 
        from
            books),
        b1_0.created_by,
        b1_0.created_date,
        b1_0.last_modified_by,
        b1_0.last_modified_date,
        b1_0.name,
        b1_0.price,
        b1_0.status,
        a1_0.created_by,
        a1_0.created_date,
        a1_0.email,
        a1_0.image_path,
        a1_0.ip_address,
        a1_0.last_modified_by,
        a1_0.last_modified_date,
        a1_0.name,
        a1_0.status 
    from
        authers a1_0 
    left join
        books b1_0 
            on a1_0.id=b1_0.auther_id
2024-12-22 18:51:28,311 INFO c.e.b.a.LoggingAspect [main] ====> Method Name is >> BookRepo.findAll()
2024-12-22 18:51:28,317 DEBUG o.h.e.j.s.SqlStatementLogger [main] 
    select
        b1_0.id,
        b1_0.auther_id,
        a1_0.id,
        (select
            count(*) 
        from
            books book 
        where
            book.auther_id = a1_0.id),
        a1_0.created_by,
        a1_0.created_date,
        a1_0.email,
        a1_0.image_path,
        a1_0.ip_address,
        a1_0.last_modified_by,
        a1_0.last_modified_date,
        a1_0.name,
        a1_0.status,
        (select
            count(*) 
        from
            books),
        b1_0.created_by,
        b1_0.created_date,
        b1_0.last_modified_by,
        b1_0.last_modified_date,
        b1_0.name,
        b1_0.price,
        b1_0.status 
    from
        books b1_0 
    join
        authers a1_0 
            on a1_0.id=b1_0.auther_id
2024-12-22 18:51:28,771 INFO c.e.b.a.LoggingAspect [ThreadPoolTaskExecutor-1] ====> Method Name is >> PriceSchedule.computePrice()
2024-12-22 18:51:28,771 INFO c.e.b.a.LoggingAspect [ThreadPoolTaskExecutor-2] ====> Method Name is >> PriceSchedule.computeDiscount()
2024-12-22 18:51:30,060 INFO o.a.j.l.DirectJDKLog [RMI TCP Connection(10)-127.0.0.1] Initializing Spring DispatcherServlet 'dispatcherServlet'
2024-12-22 18:51:30,060 INFO o.s.w.s.FrameworkServlet [RMI TCP Connection(10)-127.0.0.1] Initializing Servlet 'dispatcherServlet'
2024-12-22 18:51:30,063 INFO o.s.w.s.FrameworkServlet [RMI TCP Connection(10)-127.0.0.1] Completed initialization in 3 ms
2024-12-22 18:51:32,777 INFO c.e.b.s.PriceSchedule [ThreadPoolTaskExecutor-2] compute discount >> 2024-12-22T18:51:32.777859300
2024-12-22 18:51:32,777 INFO c.e.b.s.PriceSchedule [ThreadPoolTaskExecutor-1] compute price >> 2024-12-22T18:51:32.777859300
2024-12-22 18:51:35,771 INFO o.s.b.a.SpringApplicationAdminMXBeanRegistrar$SpringApplicationAdmin [RMI TCP Connection(8)-127.0.0.1] Application shutdown requested.
2024-12-22 18:51:35,774 INFO o.s.b.w.e.t.GracefulShutdown [RMI TCP Connection(8)-127.0.0.1] Commencing graceful shutdown. Waiting for active requests to complete
2024-12-22 18:51:35,776 INFO o.a.j.l.DirectJDKLog [tomcat-shutdown] Pausing ProtocolHandler ["http-nio-8080"]
2024-12-22 18:51:35,782 INFO o.s.b.w.e.t.GracefulShutdown [tomcat-shutdown] Graceful shutdown complete
2024-12-22 18:51:35,783 INFO o.a.j.l.DirectJDKLog [RMI TCP Connection(8)-127.0.0.1] Stopping ProtocolHandler ["http-nio-8080"]
2024-12-22 18:51:35,789 INFO o.s.o.j.AbstractEntityManagerFactoryBean [RMI TCP Connection(8)-127.0.0.1] Closing JPA EntityManagerFactory for persistence unit 'default'
2024-12-22 18:51:35,793 INFO c.z.h.HikariDataSource [RMI TCP Connection(8)-127.0.0.1] HikariPool-1 - Shutdown initiated...
2024-12-22 18:51:35,808 INFO c.z.h.HikariDataSource [RMI TCP Connection(8)-127.0.0.1] HikariPool-1 - Shutdown completed.
