2025-01-12 15:11:32,489 INFO o.s.b.StartupInfoLogger [main] Starting EducationApplication using Java 17.0.12 with PID 14292 (D:\Spring_projects\Education_Spring_Thymeleaf\education\target\classes started by youss in D:\Spring_projects\Education_Spring_Thymeleaf\education)
2025-01-12 15:11:32,507 INFO o.s.b.SpringApplication [main] No active profile set, falling back to 1 default profile: "default"
2025-01-12 15:11:34,169 INFO o.s.d.r.c.RepositoryConfigurationDelegate [main] Bootstrapping Spring Data JPA repositories in DEFAULT mode.
2025-01-12 15:11:34,221 INFO o.s.d.r.c.RepositoryConfigurationDelegate [main] Finished Spring Data repository scanning in 29 ms. Found 0 JPA repository interfaces.
2025-01-12 15:11:35,651 INFO o.s.b.w.e.t.TomcatWebServer [main] Tomcat initialized with port 8080 (http)
2025-01-12 15:11:35,671 INFO o.a.j.l.DirectJDKLog [main] Initializing ProtocolHandler ["http-nio-8080"]
2025-01-12 15:11:35,676 INFO o.a.j.l.DirectJDKLog [main] Starting service [Tomcat]
2025-01-12 15:11:35,676 INFO o.a.j.l.DirectJDKLog [main] Starting Servlet engine: [Apache Tomcat/10.1.34]
2025-01-12 15:11:35,802 INFO o.a.j.l.DirectJDKLog [main] Initializing Spring embedded WebApplicationContext
2025-01-12 15:11:35,803 INFO o.s.b.w.s.c.ServletWebServerApplicationContext [main] Root WebApplicationContext: initialization completed in 3160 ms
2025-01-12 15:11:36,311 INFO o.h.j.i.u.LogHelper [main] HHH000204: Processing PersistenceUnitInfo [name: default]
2025-01-12 15:11:36,450 INFO o.h.Version [main] HHH000412: Hibernate ORM core version 6.6.4.Final
2025-01-12 15:11:36,559 INFO o.h.c.i.RegionFactoryInitiator [main] HHH000026: Second-level cache disabled
2025-01-12 15:11:37,141 INFO o.s.o.j.p.SpringPersistenceUnitInfo [main] No LoadTimeWeaver setup: ignoring JPA class transformer
2025-01-12 15:11:37,205 INFO c.z.h.HikariDataSource [main] HikariPool-1 - Starting...
2025-01-12 15:11:39,027 INFO c.z.h.p.HikariPool [main] HikariPool-1 - Added connection com.mysql.cj.jdbc.ConnectionImpl@448086ab
2025-01-12 15:11:39,033 INFO c.z.h.HikariDataSource [main] HikariPool-1 - Start completed.
2025-01-12 15:11:39,580 WARN o.h.e.j.d.i.DialectFactoryImpl [main] HHH90000025: MySQL8Dialect does not need to be specified explicitly using 'hibernate.dialect' (remove the property setting and it will be selected by default)
2025-01-12 15:11:39,584 WARN o.h.e.j.d.i.DialectFactoryImpl [main] HHH90000026: MySQL8Dialect has been deprecated; use org.hibernate.dialect.MySQLDialect instead
2025-01-12 15:11:39,668 INFO o.h.e.j.e.i.JdbcEnvironmentInitiator [main] HHH10001005: Database info:
	Database JDBC URL [Connecting through datasource 'HikariDataSource (HikariPool-1)']
	Database driver: undefined/unknown
	Database version: 8.0
	Autocommit mode: undefined/unknown
	Isolation level: undefined/unknown
	Minimum pool size: undefined/unknown
	Maximum pool size: undefined/unknown
2025-01-12 15:11:43,271 INFO o.h.e.t.j.p.i.JtaPlatformInitiator [main] HHH000489: No JTA platform available (set 'hibernate.transaction.jta.platform' to enable JTA platform integration)
2025-01-12 15:11:43,422 DEBUG o.h.e.j.s.SqlStatementLogger [main] 
    create table admin (
        id bigint not null auto_increment,
        first_name varchar(255),
        last_name varchar(255),
        phone varchar(255),
        user_id bigint,
        primary key (id)
    ) engine=InnoDB
2025-01-12 15:11:43,522 DEBUG o.h.e.j.s.SqlStatementLogger [main] 
    create table course (
        id bigint not null auto_increment,
        course_name varchar(255),
        course_price varchar(255),
        primary key (id)
    ) engine=InnoDB
2025-01-12 15:11:43,571 DEBUG o.h.e.j.s.SqlStatementLogger [main] 
    create table master (
        id bigint not null auto_increment,
        address varchar(255),
        age varchar(255),
        date datetime(6),
        date_created datetime(6),
        first_name varchar(255),
        gender tinyint,
        last_name varchar(255),
        last_updated datetime(6),
        phone varchar(255),
        course_id bigint,
        user_id bigint,
        primary key (id)
    ) engine=InnoDB
2025-01-12 15:11:43,678 DEBUG o.h.e.j.s.SqlStatementLogger [main] 
    create table role (
        id bigint not null auto_increment,
        roll_name varchar(255),
        primary key (id)
    ) engine=InnoDB
2025-01-12 15:11:43,710 DEBUG o.h.e.j.s.SqlStatementLogger [main] 
    create table student (
        id bigint not null auto_increment,
        address varchar(255),
        age varchar(255),
        date datetime(6),
        date_created datetime(6),
        first_name varchar(255),
        gender tinyint,
        last_name varchar(255),
        last_updated datetime(6),
        phone varchar(255),
        user_id bigint,
        primary key (id)
    ) engine=InnoDB
2025-01-12 15:11:43,821 DEBUG o.h.e.j.s.SqlStatementLogger [main] 
    create table student_courses (
        course_id bigint not null,
        student_id bigint not null
    ) engine=InnoDB
2025-01-12 15:11:43,890 DEBUG o.h.e.j.s.SqlStatementLogger [main] 
    create table user (
        id bigint not null auto_increment,
        password varchar(255),
        user_name varchar(255),
        primary key (id)
    ) engine=InnoDB
2025-01-12 15:11:43,927 DEBUG o.h.e.j.s.SqlStatementLogger [main] 
    create table user_roles (
        user_id bigint not null,
        role_id bigint not null
    ) engine=InnoDB
2025-01-12 15:11:44,167 DEBUG o.h.e.j.s.SqlStatementLogger [main] 
    alter table admin 
       drop index UKhawikyhwwfvbnog5byokutpff
2025-01-12 15:11:44,200 DEBUG o.h.e.j.s.SqlStatementLogger [main] 
    alter table admin 
       add constraint UKhawikyhwwfvbnog5byokutpff unique (user_id)
2025-01-12 15:11:44,255 DEBUG o.h.e.j.s.SqlStatementLogger [main] 
    alter table master 
       drop index UKiuq20h3h97gw17aws9mrprr10
2025-01-12 15:11:44,267 DEBUG o.h.e.j.s.SqlStatementLogger [main] 
    alter table master 
       add constraint UKiuq20h3h97gw17aws9mrprr10 unique (user_id)
2025-01-12 15:11:44,311 DEBUG o.h.e.j.s.SqlStatementLogger [main] 
    alter table student 
       drop index UKbkix9btnoi1n917ll7bplkvg5
2025-01-12 15:11:44,319 DEBUG o.h.e.j.s.SqlStatementLogger [main] 
    alter table student 
       add constraint UKbkix9btnoi1n917ll7bplkvg5 unique (user_id)
2025-01-12 15:11:44,350 DEBUG o.h.e.j.s.SqlStatementLogger [main] 
    alter table user 
       drop index UKlqjrcobrh9jc8wpcar64q1bfh
2025-01-12 15:11:44,353 DEBUG o.h.e.j.s.SqlStatementLogger [main] 
    alter table user 
       add constraint UKlqjrcobrh9jc8wpcar64q1bfh unique (user_name)
2025-01-12 15:11:44,402 DEBUG o.h.e.j.s.SqlStatementLogger [main] 
    alter table admin 
       add constraint FK8ahhk8vqegfrt6pd1p9i03aej 
       foreign key (user_id) 
       references user (id)
2025-01-12 15:11:44,571 DEBUG o.h.e.j.s.SqlStatementLogger [main] 
    alter table master 
       add constraint FKte0ksgkray3ickn3p27596eca 
       foreign key (course_id) 
       references course (id)
2025-01-12 15:11:44,742 DEBUG o.h.e.j.s.SqlStatementLogger [main] 
    alter table master 
       add constraint FKeshtjjmu41kdg29aa7cpxf2bl 
       foreign key (user_id) 
       references user (id)
2025-01-12 15:11:44,875 DEBUG o.h.e.j.s.SqlStatementLogger [main] 
    alter table student 
       add constraint FKk5m148xqefonqw7bgnpm0snwj 
       foreign key (user_id) 
       references user (id)
2025-01-12 15:11:45,030 DEBUG o.h.e.j.s.SqlStatementLogger [main] 
    alter table student_courses 
       add constraint FKiqufqwgb6im4n8xslhjvxmt0n 
       foreign key (student_id) 
       references student (id)
2025-01-12 15:11:45,151 DEBUG o.h.e.j.s.SqlStatementLogger [main] 
    alter table student_courses 
       add constraint FKc614in0kdhj9sih7vw304qxgj 
       foreign key (course_id) 
       references course (id)
2025-01-12 15:11:45,307 DEBUG o.h.e.j.s.SqlStatementLogger [main] 
    alter table user_roles 
       add constraint FKrhfovtciq1l558cw6udg0h0d3 
       foreign key (role_id) 
       references role (id)
2025-01-12 15:11:45,419 DEBUG o.h.e.j.s.SqlStatementLogger [main] 
    alter table user_roles 
       add constraint FK55itppkw3i07do3h7qoclqd4k 
       foreign key (user_id) 
       references user (id)
2025-01-12 15:11:45,616 INFO o.s.o.j.AbstractEntityManagerFactoryBean [main] Initialized JPA EntityManagerFactory for persistence unit 'default'
2025-01-12 15:11:45,700 WARN o.s.b.a.o.j.JpaBaseConfiguration$JpaWebConfiguration [main] spring.jpa.open-in-view is enabled by default. Therefore, database queries may be performed during view rendering. Explicitly configure spring.jpa.open-in-view to disable this warning
2025-01-12 15:11:46,895 WARN o.s.b.a.t.ThymeleafAutoConfiguration$DefaultTemplateResolverConfiguration [main] Cannot find template location: classpath:/templates/ (please add some templates, check your Thymeleaf configuration, or set spring.thymeleaf.check-template-location=false)
2025-01-12 15:11:47,440 INFO o.a.j.l.DirectJDKLog [main] Starting ProtocolHandler ["http-nio-8080"]
2025-01-12 15:11:47,492 INFO o.s.b.w.e.t.TomcatWebServer [main] Tomcat started on port 8080 (http) with context path '/'
2025-01-12 15:11:47,514 INFO o.s.b.StartupInfoLogger [main] Started EducationApplication in 16.18 seconds (process running for 17.733)
2025-01-12 15:35:52,207 INFO o.s.b.w.e.t.GracefulShutdown [SpringApplicationShutdownHook] Commencing graceful shutdown. Waiting for active requests to complete
2025-01-12 15:35:53,057 INFO o.s.b.w.e.t.GracefulShutdown [tomcat-shutdown] Graceful shutdown complete
2025-01-12 15:35:53,257 INFO o.s.o.j.AbstractEntityManagerFactoryBean [SpringApplicationShutdownHook] Closing JPA EntityManagerFactory for persistence unit 'default'
2025-01-12 15:35:53,423 INFO c.z.h.HikariDataSource [SpringApplicationShutdownHook] HikariPool-1 - Shutdown initiated...
2025-01-12 15:35:53,718 INFO c.z.h.HikariDataSource [SpringApplicationShutdownHook] HikariPool-1 - Shutdown completed.
2025-01-12 16:27:08,896 INFO o.s.b.StartupInfoLogger [main] Starting EducationApplication using Java 17.0.12 with PID 11180 (D:\Spring_projects\Education_Spring_Thymeleaf\education\target\classes started by youss in D:\Spring_projects\Education_Spring_Thymeleaf\education)
2025-01-12 16:27:08,903 INFO o.s.b.SpringApplication [main] No active profile set, falling back to 1 default profile: "default"
2025-01-12 16:27:10,729 INFO o.s.d.r.c.RepositoryConfigurationDelegate [main] Bootstrapping Spring Data JPA repositories in DEFAULT mode.
2025-01-12 16:27:10,901 INFO o.s.d.r.c.RepositoryConfigurationDelegate [main] Finished Spring Data repository scanning in 147 ms. Found 6 JPA repository interfaces.
2025-01-12 16:27:12,724 INFO o.s.b.w.e.t.TomcatWebServer [main] Tomcat initialized with port 8080 (http)
2025-01-12 16:27:12,752 INFO o.a.j.l.DirectJDKLog [main] Initializing ProtocolHandler ["http-nio-8080"]
2025-01-12 16:27:12,759 INFO o.a.j.l.DirectJDKLog [main] Starting service [Tomcat]
2025-01-12 16:27:12,761 INFO o.a.j.l.DirectJDKLog [main] Starting Servlet engine: [Apache Tomcat/10.1.34]
2025-01-12 16:27:13,022 INFO o.a.j.l.DirectJDKLog [main] Initializing Spring embedded WebApplicationContext
2025-01-12 16:27:13,024 INFO o.s.b.w.s.c.ServletWebServerApplicationContext [main] Root WebApplicationContext: initialization completed in 3931 ms
2025-01-12 16:27:13,429 INFO o.h.j.i.u.LogHelper [main] HHH000204: Processing PersistenceUnitInfo [name: default]
2025-01-12 16:27:13,547 INFO o.h.Version [main] HHH000412: Hibernate ORM core version 6.6.4.Final
2025-01-12 16:27:13,616 INFO o.h.c.i.RegionFactoryInitiator [main] HHH000026: Second-level cache disabled
2025-01-12 16:27:14,306 INFO o.s.o.j.p.SpringPersistenceUnitInfo [main] No LoadTimeWeaver setup: ignoring JPA class transformer
2025-01-12 16:27:14,366 INFO c.z.h.HikariDataSource [main] HikariPool-1 - Starting...
2025-01-12 16:27:15,303 INFO c.z.h.p.HikariPool [main] HikariPool-1 - Added connection com.mysql.cj.jdbc.ConnectionImpl@1a3b1f7e
2025-01-12 16:27:15,307 INFO c.z.h.HikariDataSource [main] HikariPool-1 - Start completed.
2025-01-12 16:27:15,440 WARN o.h.e.j.d.i.DialectFactoryImpl [main] HHH90000025: MySQL8Dialect does not need to be specified explicitly using 'hibernate.dialect' (remove the property setting and it will be selected by default)
2025-01-12 16:27:15,444 WARN o.h.e.j.d.i.DialectFactoryImpl [main] HHH90000026: MySQL8Dialect has been deprecated; use org.hibernate.dialect.MySQLDialect instead
2025-01-12 16:27:15,488 INFO o.h.e.j.e.i.JdbcEnvironmentInitiator [main] HHH10001005: Database info:
	Database JDBC URL [Connecting through datasource 'HikariDataSource (HikariPool-1)']
	Database driver: undefined/unknown
	Database version: 8.0
	Autocommit mode: undefined/unknown
	Isolation level: undefined/unknown
	Minimum pool size: undefined/unknown
	Maximum pool size: undefined/unknown
2025-01-12 16:27:17,732 INFO o.h.e.t.j.p.i.JtaPlatformInitiator [main] HHH000489: No JTA platform available (set 'hibernate.transaction.jta.platform' to enable JTA platform integration)
2025-01-12 16:27:18,189 INFO o.s.o.j.AbstractEntityManagerFactoryBean [main] Initialized JPA EntityManagerFactory for persistence unit 'default'
2025-01-12 16:27:18,272 WARN o.s.b.a.o.j.JpaBaseConfiguration$JpaWebConfiguration [main] spring.jpa.open-in-view is enabled by default. Therefore, database queries may be performed during view rendering. Explicitly configure spring.jpa.open-in-view to disable this warning
2025-01-12 16:27:19,664 WARN o.s.b.a.t.ThymeleafAutoConfiguration$DefaultTemplateResolverConfiguration [main] Cannot find template location: classpath:/templates/ (please add some templates, check your Thymeleaf configuration, or set spring.thymeleaf.check-template-location=false)
2025-01-12 16:27:20,194 INFO o.a.j.l.DirectJDKLog [main] Starting ProtocolHandler ["http-nio-8080"]
2025-01-12 16:27:20,273 INFO o.s.b.w.e.t.TomcatWebServer [main] Tomcat started on port 8080 (http) with context path '/'
2025-01-12 16:27:20,305 INFO o.s.b.StartupInfoLogger [main] Started EducationApplication in 12.34 seconds (process running for 14.105)
2025-01-12 16:27:37,820 INFO o.s.b.w.e.t.GracefulShutdown [SpringApplicationShutdownHook] Commencing graceful shutdown. Waiting for active requests to complete
2025-01-12 16:27:38,239 INFO o.s.b.w.e.t.GracefulShutdown [tomcat-shutdown] Graceful shutdown complete
2025-01-12 16:27:38,327 INFO o.s.o.j.AbstractEntityManagerFactoryBean [SpringApplicationShutdownHook] Closing JPA EntityManagerFactory for persistence unit 'default'
2025-01-12 16:27:38,469 INFO c.z.h.HikariDataSource [SpringApplicationShutdownHook] HikariPool-1 - Shutdown initiated...
2025-01-12 16:27:38,747 INFO c.z.h.HikariDataSource [SpringApplicationShutdownHook] HikariPool-1 - Shutdown completed.
