2025-01-13 11:51:05,705 INFO o.s.b.StartupInfoLogger [main] Starting EducationApplication using Java 17.0.12 with PID 12680 (D:\Spring_projects\Education_Spring_Thymeleaf\education\target\classes started by youss in D:\Spring_projects\Education_Spring_Thymeleaf\education)
2025-01-13 11:51:05,761 INFO o.s.b.SpringApplication [main] No active profile set, falling back to 1 default profile: "default"
2025-01-13 11:51:07,834 INFO o.s.d.r.c.RepositoryConfigurationDelegate [main] Bootstrapping Spring Data JPA repositories in DEFAULT mode.
2025-01-13 11:51:08,032 INFO o.s.d.r.c.RepositoryConfigurationDelegate [main] Finished Spring Data repository scanning in 143 ms. Found 6 JPA repository interfaces.
2025-01-13 11:51:09,942 INFO o.s.b.w.e.t.TomcatWebServer [main] Tomcat initialized with port 8080 (http)
2025-01-13 11:51:10,157 INFO o.s.b.w.s.c.ServletWebServerApplicationContext [main] Root WebApplicationContext: initialization completed in 4259 ms
2025-01-13 11:51:10,506 INFO o.h.j.i.u.LogHelper [main] HHH000204: Processing PersistenceUnitInfo [name: default]
2025-01-13 17:21:08,079 INFO o.s.b.StartupInfoLogger [main] Starting EducationApplication using Java 17.0.12 with PID 13004 (D:\Spring_projects\Education_Spring_Thymeleaf\education\target\classes started by youss in D:\Spring_projects\Education_Spring_Thymeleaf\education)
2025-01-13 17:21:08,089 INFO o.s.b.SpringApplication [main] No active profile set, falling back to 1 default profile: "default"
2025-01-13 17:21:10,255 INFO o.s.d.r.c.RepositoryConfigurationDelegate [main] Bootstrapping Spring Data JPA repositories in DEFAULT mode.
2025-01-13 17:21:10,434 INFO o.s.d.r.c.RepositoryConfigurationDelegate [main] Finished Spring Data repository scanning in 154 ms. Found 6 JPA repository interfaces.
2025-01-13 17:21:12,453 INFO o.s.b.w.e.t.TomcatWebServer [main] Tomcat initialized with port 8080 (http)
2025-01-13 17:21:12,489 INFO o.a.j.l.DirectJDKLog [main] Initializing ProtocolHandler ["http-nio-8080"]
2025-01-13 17:21:12,494 INFO o.a.j.l.DirectJDKLog [main] Starting service [Tomcat]
2025-01-13 17:21:12,495 INFO o.a.j.l.DirectJDKLog [main] Starting Servlet engine: [Apache Tomcat/10.1.34]
2025-01-13 17:21:12,676 INFO o.a.j.l.DirectJDKLog [main] Initializing Spring embedded WebApplicationContext
2025-01-13 17:21:12,678 INFO o.s.b.w.s.c.ServletWebServerApplicationContext [main] Root WebApplicationContext: initialization completed in 4484 ms
2025-01-13 17:21:13,061 INFO o.h.j.i.u.LogHelper [main] HHH000204: Processing PersistenceUnitInfo [name: default]
2025-01-13 17:21:13,217 INFO o.h.Version [main] HHH000412: Hibernate ORM core version 6.6.4.Final
2025-01-13 17:21:13,314 INFO o.h.c.i.RegionFactoryInitiator [main] HHH000026: Second-level cache disabled
2025-01-13 17:21:13,929 INFO o.s.o.j.p.SpringPersistenceUnitInfo [main] No LoadTimeWeaver setup: ignoring JPA class transformer
2025-01-13 17:21:14,006 INFO c.z.h.HikariDataSource [main] HikariPool-1 - Starting...
2025-01-13 17:21:15,082 INFO c.z.h.p.HikariPool [main] HikariPool-1 - Added connection com.mysql.cj.jdbc.ConnectionImpl@75b363c3
2025-01-13 17:21:15,088 INFO c.z.h.HikariDataSource [main] HikariPool-1 - Start completed.
2025-01-13 17:21:15,215 WARN o.h.e.j.d.i.DialectFactoryImpl [main] HHH90000025: MySQL8Dialect does not need to be specified explicitly using 'hibernate.dialect' (remove the property setting and it will be selected by default)
2025-01-13 17:21:15,223 WARN o.h.e.j.d.i.DialectFactoryImpl [main] HHH90000026: MySQL8Dialect has been deprecated; use org.hibernate.dialect.MySQLDialect instead
2025-01-13 17:21:15,283 INFO o.h.e.j.e.i.JdbcEnvironmentInitiator [main] HHH10001005: Database info:
	Database JDBC URL [Connecting through datasource 'HikariDataSource (HikariPool-1)']
	Database driver: undefined/unknown
	Database version: 8.0
	Autocommit mode: undefined/unknown
	Isolation level: undefined/unknown
	Minimum pool size: undefined/unknown
	Maximum pool size: undefined/unknown
2025-01-13 17:21:17,545 INFO o.h.e.t.j.p.i.JtaPlatformInitiator [main] HHH000489: No JTA platform available (set 'hibernate.transaction.jta.platform' to enable JTA platform integration)
2025-01-13 17:21:17,683 DEBUG o.h.e.j.s.SqlStatementLogger [main] 
    create table admin (
        id bigint not null auto_increment,
        first_name varchar(255),
        last_name varchar(255),
        phone varchar(255),
        user_id bigint,
        primary key (id)
    ) engine=InnoDB
2025-01-13 17:21:17,841 DEBUG o.h.e.j.s.SqlStatementLogger [main] 
    create table course (
        id bigint not null auto_increment,
        course_name varchar(255),
        course_price varchar(255),
        primary key (id)
    ) engine=InnoDB
2025-01-13 17:21:17,891 DEBUG o.h.e.j.s.SqlStatementLogger [main] 
    create table master (
        id bigint not null auto_increment,
        address varchar(255),
        age varchar(255),
        created_at datetime(6),
        first_name varchar(255),
        gender tinyint,
        last_name varchar(255),
        phone varchar(255),
        updated_at datetime(6),
        course_id bigint,
        user_id bigint,
        primary key (id)
    ) engine=InnoDB
2025-01-13 17:21:17,938 DEBUG o.h.e.j.s.SqlStatementLogger [main] 
    create table role (
        id bigint not null auto_increment,
        rolr_name varchar(255),
        primary key (id)
    ) engine=InnoDB
2025-01-13 17:21:17,971 DEBUG o.h.e.j.s.SqlStatementLogger [main] 
    create table student (
        id bigint not null auto_increment,
        address varchar(255),
        age varchar(255),
        created_at datetime(6),
        first_name varchar(255),
        gender tinyint,
        last_name varchar(255),
        phone varchar(255),
        updated_at datetime(6),
        user_id bigint,
        primary key (id)
    ) engine=InnoDB
2025-01-13 17:21:18,010 DEBUG o.h.e.j.s.SqlStatementLogger [main] 
    create table student_courses (
        course_id bigint not null,
        student_id bigint not null
    ) engine=InnoDB
2025-01-13 17:21:18,045 DEBUG o.h.e.j.s.SqlStatementLogger [main] 
    create table user (
        id bigint not null auto_increment,
        password varchar(255),
        user_name varchar(255),
        primary key (id)
    ) engine=InnoDB
2025-01-13 17:21:18,083 DEBUG o.h.e.j.s.SqlStatementLogger [main] 
    create table user_roles (
        user_id bigint not null,
        role_id bigint not null
    ) engine=InnoDB
2025-01-13 17:21:18,111 DEBUG o.h.e.j.s.SqlStatementLogger [main] 
    alter table admin 
       drop index UKhawikyhwwfvbnog5byokutpff
2025-01-13 17:21:18,133 DEBUG o.h.e.j.s.SqlStatementLogger [main] 
    alter table admin 
       add constraint UKhawikyhwwfvbnog5byokutpff unique (user_id)
2025-01-13 17:21:18,185 DEBUG o.h.e.j.s.SqlStatementLogger [main] 
    alter table master 
       drop index UKiuq20h3h97gw17aws9mrprr10
2025-01-13 17:21:18,196 DEBUG o.h.e.j.s.SqlStatementLogger [main] 
    alter table master 
       add constraint UKiuq20h3h97gw17aws9mrprr10 unique (user_id)
2025-01-13 17:21:18,230 DEBUG o.h.e.j.s.SqlStatementLogger [main] 
    alter table student 
       drop index UKbkix9btnoi1n917ll7bplkvg5
2025-01-13 17:21:18,236 DEBUG o.h.e.j.s.SqlStatementLogger [main] 
    alter table student 
       add constraint UKbkix9btnoi1n917ll7bplkvg5 unique (user_id)
2025-01-13 17:21:18,265 DEBUG o.h.e.j.s.SqlStatementLogger [main] 
    alter table user 
       drop index UKlqjrcobrh9jc8wpcar64q1bfh
2025-01-13 17:21:18,269 DEBUG o.h.e.j.s.SqlStatementLogger [main] 
    alter table user 
       add constraint UKlqjrcobrh9jc8wpcar64q1bfh unique (user_name)
2025-01-13 17:21:18,292 DEBUG o.h.e.j.s.SqlStatementLogger [main] 
    alter table admin 
       add constraint FK8ahhk8vqegfrt6pd1p9i03aej 
       foreign key (user_id) 
       references user (id)
2025-01-13 17:21:18,462 DEBUG o.h.e.j.s.SqlStatementLogger [main] 
    alter table master 
       add constraint FKte0ksgkray3ickn3p27596eca 
       foreign key (course_id) 
       references course (id)
2025-01-13 17:21:18,600 DEBUG o.h.e.j.s.SqlStatementLogger [main] 
    alter table master 
       add constraint FKeshtjjmu41kdg29aa7cpxf2bl 
       foreign key (user_id) 
       references user (id)
2025-01-13 17:21:18,705 DEBUG o.h.e.j.s.SqlStatementLogger [main] 
    alter table student 
       add constraint FKk5m148xqefonqw7bgnpm0snwj 
       foreign key (user_id) 
       references user (id)
2025-01-13 17:21:18,807 DEBUG o.h.e.j.s.SqlStatementLogger [main] 
    alter table student_courses 
       add constraint FKiqufqwgb6im4n8xslhjvxmt0n 
       foreign key (student_id) 
       references student (id)
2025-01-13 17:21:18,922 DEBUG o.h.e.j.s.SqlStatementLogger [main] 
    alter table student_courses 
       add constraint FKc614in0kdhj9sih7vw304qxgj 
       foreign key (course_id) 
       references course (id)
2025-01-13 17:21:19,033 DEBUG o.h.e.j.s.SqlStatementLogger [main] 
    alter table user_roles 
       add constraint FKrhfovtciq1l558cw6udg0h0d3 
       foreign key (role_id) 
       references role (id)
2025-01-13 17:21:19,132 DEBUG o.h.e.j.s.SqlStatementLogger [main] 
    alter table user_roles 
       add constraint FK55itppkw3i07do3h7qoclqd4k 
       foreign key (user_id) 
       references user (id)
2025-01-13 17:21:19,222 INFO o.s.o.j.AbstractEntityManagerFactoryBean [main] Initialized JPA EntityManagerFactory for persistence unit 'default'
2025-01-13 17:21:19,855 WARN o.s.b.a.o.j.JpaBaseConfiguration$JpaWebConfiguration [main] spring.jpa.open-in-view is enabled by default. Therefore, database queries may be performed during view rendering. Explicitly configure spring.jpa.open-in-view to disable this warning
2025-01-13 17:21:20,747 WARN o.s.b.a.t.ThymeleafAutoConfiguration$DefaultTemplateResolverConfiguration [main] Cannot find template location: classpath:/templates/ (please add some templates, check your Thymeleaf configuration, or set spring.thymeleaf.check-template-location=false)
2025-01-13 17:21:21,121 INFO o.a.j.l.DirectJDKLog [main] Starting ProtocolHandler ["http-nio-8080"]
2025-01-13 17:21:21,184 INFO o.s.b.w.e.t.TomcatWebServer [main] Tomcat started on port 8080 (http) with context path '/'
2025-01-13 17:21:21,209 INFO o.s.b.StartupInfoLogger [main] Started EducationApplication in 15.326 seconds (process running for 27.043)
2025-01-13 17:21:25,585 INFO o.s.b.w.e.t.GracefulShutdown [SpringApplicationShutdownHook] Commencing graceful shutdown. Waiting for active requests to complete
2025-01-13 17:21:25,809 INFO o.s.b.w.e.t.GracefulShutdown [tomcat-shutdown] Graceful shutdown complete
2025-01-13 17:21:25,815 INFO o.s.o.j.AbstractEntityManagerFactoryBean [SpringApplicationShutdownHook] Closing JPA EntityManagerFactory for persistence unit 'default'
2025-01-13 17:21:25,819 INFO c.z.h.HikariDataSource [SpringApplicationShutdownHook] HikariPool-1 - Shutdown initiated...
2025-01-13 17:21:25,841 INFO c.z.h.HikariDataSource [SpringApplicationShutdownHook] HikariPool-1 - Shutdown completed.
2025-01-13 19:50:14,708 INFO o.s.b.StartupInfoLogger [main] Starting EducationApplication using Java 17.0.12 with PID 16816 (D:\Spring_projects\Education_Spring_Thymeleaf\education\target\classes started by youss in D:\Spring_projects\Education_Spring_Thymeleaf\education)
2025-01-13 19:50:14,719 INFO o.s.b.SpringApplication [main] No active profile set, falling back to 1 default profile: "default"
2025-01-13 19:50:16,397 INFO o.s.d.r.c.RepositoryConfigurationDelegate [main] Bootstrapping Spring Data JPA repositories in DEFAULT mode.
2025-01-13 19:50:16,536 INFO o.s.d.r.c.RepositoryConfigurationDelegate [main] Finished Spring Data repository scanning in 121 ms. Found 6 JPA repository interfaces.
2025-01-13 19:50:17,984 INFO o.s.b.w.e.t.TomcatWebServer [main] Tomcat initialized with port 8080 (http)
2025-01-13 19:50:18,016 INFO o.a.j.l.DirectJDKLog [main] Initializing ProtocolHandler ["http-nio-8080"]
2025-01-13 19:50:18,023 INFO o.a.j.l.DirectJDKLog [main] Starting service [Tomcat]
2025-01-13 19:50:18,025 INFO o.a.j.l.DirectJDKLog [main] Starting Servlet engine: [Apache Tomcat/10.1.34]
2025-01-13 19:50:18,209 INFO o.a.j.l.DirectJDKLog [main] Initializing Spring embedded WebApplicationContext
2025-01-13 19:50:18,210 INFO o.s.b.w.s.c.ServletWebServerApplicationContext [main] Root WebApplicationContext: initialization completed in 3332 ms
2025-01-13 19:50:18,591 INFO o.h.j.i.u.LogHelper [main] HHH000204: Processing PersistenceUnitInfo [name: default]
2025-01-13 19:50:18,724 INFO o.h.Version [main] HHH000412: Hibernate ORM core version 6.6.4.Final
2025-01-13 19:50:18,857 INFO o.h.c.i.RegionFactoryInitiator [main] HHH000026: Second-level cache disabled
2025-01-13 19:50:19,508 INFO o.s.o.j.p.SpringPersistenceUnitInfo [main] No LoadTimeWeaver setup: ignoring JPA class transformer
2025-01-13 19:50:19,571 INFO c.z.h.HikariDataSource [main] HikariPool-1 - Starting...
2025-01-13 19:50:20,328 INFO c.z.h.p.HikariPool [main] HikariPool-1 - Added connection com.mysql.cj.jdbc.ConnectionImpl@4c8d45cf
2025-01-13 19:50:20,334 INFO c.z.h.HikariDataSource [main] HikariPool-1 - Start completed.
2025-01-13 19:50:20,475 WARN o.h.e.j.d.i.DialectFactoryImpl [main] HHH90000025: MySQL8Dialect does not need to be specified explicitly using 'hibernate.dialect' (remove the property setting and it will be selected by default)
2025-01-13 19:50:20,477 WARN o.h.e.j.d.i.DialectFactoryImpl [main] HHH90000026: MySQL8Dialect has been deprecated; use org.hibernate.dialect.MySQLDialect instead
2025-01-13 19:50:20,514 INFO o.h.e.j.e.i.JdbcEnvironmentInitiator [main] HHH10001005: Database info:
	Database JDBC URL [Connecting through datasource 'HikariDataSource (HikariPool-1)']
	Database driver: undefined/unknown
	Database version: 8.0
	Autocommit mode: undefined/unknown
	Isolation level: undefined/unknown
	Minimum pool size: undefined/unknown
	Maximum pool size: undefined/unknown
2025-01-13 19:50:22,735 INFO o.h.e.t.j.p.i.JtaPlatformInitiator [main] HHH000489: No JTA platform available (set 'hibernate.transaction.jta.platform' to enable JTA platform integration)
2025-01-13 19:50:23,059 INFO o.s.o.j.AbstractEntityManagerFactoryBean [main] Initialized JPA EntityManagerFactory for persistence unit 'default'
2025-01-13 19:50:23,669 WARN o.s.b.a.o.j.JpaBaseConfiguration$JpaWebConfiguration [main] spring.jpa.open-in-view is enabled by default. Therefore, database queries may be performed during view rendering. Explicitly configure spring.jpa.open-in-view to disable this warning
2025-01-13 19:50:24,442 WARN o.s.b.a.t.ThymeleafAutoConfiguration$DefaultTemplateResolverConfiguration [main] Cannot find template location: classpath:/templates/ (please add some templates, check your Thymeleaf configuration, or set spring.thymeleaf.check-template-location=false)
2025-01-13 19:50:25,873 INFO o.a.j.l.DirectJDKLog [main] Starting ProtocolHandler ["http-nio-8080"]
2025-01-13 19:50:25,926 INFO o.s.b.w.e.t.TomcatWebServer [main] Tomcat started on port 8080 (http) with context path '/'
2025-01-13 19:50:25,942 INFO o.s.b.StartupInfoLogger [main] Started EducationApplication in 12.426 seconds (process running for 14.691)
2025-01-13 19:50:58,745 INFO o.s.b.w.e.t.GracefulShutdown [SpringApplicationShutdownHook] Commencing graceful shutdown. Waiting for active requests to complete
2025-01-13 19:50:59,001 INFO o.s.b.w.e.t.GracefulShutdown [tomcat-shutdown] Graceful shutdown complete
2025-01-13 19:50:59,007 INFO o.s.o.j.AbstractEntityManagerFactoryBean [SpringApplicationShutdownHook] Closing JPA EntityManagerFactory for persistence unit 'default'
2025-01-13 19:50:59,010 INFO c.z.h.HikariDataSource [SpringApplicationShutdownHook] HikariPool-1 - Shutdown initiated...
2025-01-13 19:50:59,031 INFO c.z.h.HikariDataSource [SpringApplicationShutdownHook] HikariPool-1 - Shutdown completed.
